<?xml version="1.0" encoding="UTF-8"?>
<!-- Generated by org.testng.reporters.JUnitReportReporter -->
<testsuite hostname="Mansis-MacBook-Air.local" failures="0" tests="1" name="test1" time="0.021" errors="0" timestamp="30 Apr 2024 10:07:52 GMT">
  <testcase classname="test1" name="regular" time="0.021"/>
</testsuite> <!-- test1 -->
